This file contains any messages produced by compilers while
running configure, to aid debugging if configure makes a mistake.

It was created by libsecp256k1 configure 0.1, which was
generated by GNU Autoconf 2.69.  Invocation command line was

  $ ./configure --disable-option-checking --prefix=/home/dong/a-gravium/depends/x86_64-apple-darwin11 --disable-shared --with-pic --with-bignum=no --enable-module-recovery --cache-file=/dev/null --srcdir=.

## --------- ##
## Platform. ##
## --------- ##

hostname = dong-VirtualBox
uname -m = x86_64
uname -r = 4.4.0-31-generic
uname -s = Linux
uname -v = #50~14.04.1-Ubuntu SMP Wed Jul 13 01:07:32 UTC 2016

/usr/bin/uname -p = unknown
/bin/uname -X     = unknown

/bin/arch              = unknown
/usr/bin/arch -k       = unknown
/usr/convex/getsysinfo = unknown
/usr/bin/hostinfo      = unknown
/bin/machine           = unknown
/usr/bin/oslevel       = unknown
/bin/universe          = unknown

PATH: /home/dong/a-gravium/depends/x86_64-apple-darwin11/share/../native/bin
PATH: /usr/local/sbin
PATH: /usr/local/bin
PATH: /usr/sbin
PATH: /usr/bin
PATH: /sbin
PATH: /bin
PATH: /usr/games
PATH: /usr/local/games


## ----------- ##
## Core tests. ##
## ----------- ##

configure:2230: loading site script /home/dong/a-gravium/depends/x86_64-apple-darwin11/share/config.site
| depends_prefix="`dirname ${ac_site_file}`/.."
| 
| cross_compiling=maybe
| host_alias=x86_64-apple-darwin11
| ac_tool_prefix=${host_alias}-
| 
| if test -z $with_boost; then
|   with_boost=$depends_prefix
| fi
| if test -z $with_qt_plugindir; then
|   with_qt_plugindir=$depends_prefix/plugins
| fi
| if test -z $with_qt_translationdir; then
|   with_qt_translationdir=$depends_prefix/translations
| fi
| if test -z $with_qt_bindir; then
|   with_qt_bindir=$depends_prefix/native/bin
| fi
| if test -z $with_protoc_bindir; then
|   with_protoc_bindir=$depends_prefix/native/bin
| fi
| 
| 
| if test -z $enable_wallet && test -n ""; then
|   enable_wallet=no
| fi
| 
| if test -z $with_miniupnpc && test -n ""; then
|   with_miniupnpc=no
| fi
| 
| if test -z $with_gui && test -n ""; then
|   with_gui=no
| fi
| 
| if test xdarwin = xdarwin; then
|   BREW=no
|   PORT=no
| fi
| 
| if test xdarwin = xmingw32; then
|   if test -z $with_qt_incdir; then
|     with_qt_incdir=$depends_prefix/include
|   fi
|   if test -z $with_qt_libdir; then
|     with_qt_libdir=$depends_prefix/lib
|   fi
| fi
| 
| PATH=$depends_prefix/native/bin:$PATH
| PKG_CONFIG="`which pkg-config` --static"
| 
| # These two need to remain exported because pkg-config does not see them
| # otherwise. That means they must be unexported at the end of configure.ac to
| # avoid ruining the cache. Sigh.
| 
| export PKG_CONFIG_LIBDIR=$depends_prefix/lib/pkgconfig
| export PKG_CONFIG_PATH=$depends_prefix/share/pkgconfig
| 
| CPPFLAGS="-I$depends_prefix/include/ $CPPFLAGS"
| LDFLAGS="-L$depends_prefix/lib $LDFLAGS"
| 
| CC="/home/dong/a-bpc/depends/x86_64-apple-darwin11/native/bin/clang -target x86_64-apple-darwin11 -mmacosx-version-min=10.8 --sysroot /home/dong/a-bpc/depends/SDKs/MacOSX10.9.sdk -mlinker-version=253.9"
| CXX="/home/dong/a-bpc/depends/x86_64-apple-darwin11/native/bin/clang++ -target x86_64-apple-darwin11 -mmacosx-version-min=10.8 --sysroot /home/dong/a-bpc/depends/SDKs/MacOSX10.9.sdk -mlinker-version=253.9 -stdlib=libc++"
| OBJC="${CC}"
| CCACHE=$depends_prefix/native/bin/ccache
| PYTHONPATH=$depends_prefix/native/lib/python/dist-packages:$PYTHONPATH
| 
| if test -n "/home/dong/a-bpc/depends/x86_64-apple-darwin11/native/bin/x86_64-apple-darwin11-ar"; then
|   AR=/home/dong/a-bpc/depends/x86_64-apple-darwin11/native/bin/x86_64-apple-darwin11-ar
|   ac_cv_path_ac_pt_AR=${AR}
| fi
| 
| if test -n "/home/dong/a-bpc/depends/x86_64-apple-darwin11/native/bin/x86_64-apple-darwin11-ranlib"; then
|   RANLIB=/home/dong/a-bpc/depends/x86_64-apple-darwin11/native/bin/x86_64-apple-darwin11-ranlib
|   ac_cv_path_ac_pt_RANLIB=${RANLIB}
| fi
| 
| if test -n "/home/dong/a-bpc/depends/x86_64-apple-darwin11/native/bin/x86_64-apple-darwin11-nm"; then
|   NM=/home/dong/a-bpc/depends/x86_64-apple-darwin11/native/bin/x86_64-apple-darwin11-nm
|   ac_cv_path_ac_pt_NM=${NM}
| fi
| 
| if test -n ""; then
|   enable_reduce_exports=no
| fi
| 
| if test -n "-pipe -O2"; then
|   CFLAGS="-pipe -O2 $CFLAGS"
| fi
| if test -n "-pipe -O2"; then
|   CXXFLAGS="-pipe -O2 $CXXFLAGS"
| fi
| if test -n ""; then
|   CPPFLAGS=" $CPPFLAGS"
| fi
| if test -n ""; then
|   LDFLAGS=" $LDFLAGS"
| fi
configure:2360: checking build system type
configure:2374: result: x86_64-unknown-linux-gnu
configure:2394: checking host system type
configure:2407: result: x86_64-apple-darwin11
configure:2446: checking for a BSD-compatible install
configure:2514: result: /usr/bin/install -c
configure:2525: checking whether build environment is sane
configure:2580: result: yes
configure:2639: checking for x86_64-apple-darwin11-strip
configure:2655: found /home/dong/a-gravium/depends/x86_64-apple-darwin11/share/../native/bin/x86_64-apple-darwin11-strip
configure:2666: result: x86_64-apple-darwin11-strip
configure:2731: checking for a thread-safe mkdir -p
configure:2770: result: /bin/mkdir -p
configure:2777: checking for gawk
configure:2807: result: no
configure:2777: checking for mawk
configure:2793: found /usr/bin/mawk
configure:2804: result: mawk
configure:2815: checking whether make sets $(MAKE)
configure:2837: result: yes
configure:2866: checking whether make supports nested variables
configure:2883: result: yes
configure:3054: checking how to print strings
configure:3081: result: printf
configure:3114: checking for style of include used by make
configure:3142: result: GNU
configure:3173: checking for x86_64-apple-darwin11-gcc
configure:3200: result: /home/dong/a-bpc/depends/x86_64-apple-darwin11/native/bin/clang -target x86_64-apple-darwin11 -mmacosx-version-min=10.8 --sysroot /home/dong/a-bpc/depends/SDKs/MacOSX10.9.sdk -mlinker-version=253.9
configure:3469: checking for C compiler version
configure:3478: /home/dong/a-bpc/depends/x86_64-apple-darwin11/native/bin/clang -target x86_64-apple-darwin11 -mmacosx-version-min=10.8 --sysroot /home/dong/a-bpc/depends/SDKs/MacOSX10.9.sdk -mlinker-version=253.9 --version >&5
clang version 3.7.1 (tags/RELEASE_371/final)
Target: x86_64-apple-darwin11
Thread model: posix
configure:3489: $? = 0
configure:3478: /home/dong/a-bpc/depends/x86_64-apple-darwin11/native/bin/clang -target x86_64-apple-darwin11 -mmacosx-version-min=10.8 --sysroot /home/dong/a-bpc/depends/SDKs/MacOSX10.9.sdk -mlinker-version=253.9 -v >&5
clang version 3.7.1 (tags/RELEASE_371/final)
Target: x86_64-apple-darwin11
Thread model: posix
clang: warning: argument unused during compilation: '-mmacosx-version-min=10.8'
clang: warning: argument unused during compilation: '-mlinker-version=253.9'
configure:3489: $? = 0
configure:3478: /home/dong/a-bpc/depends/x86_64-apple-darwin11/native/bin/clang -target x86_64-apple-darwin11 -mmacosx-version-min=10.8 --sysroot /home/dong/a-bpc/depends/SDKs/MacOSX10.9.sdk -mlinker-version=253.9 -V >&5
clang: error: argument to '-V' is missing (expected 1 value)
clang: error: no input files
configure:3489: $? = 1
configure:3478: /home/dong/a-bpc/depends/x86_64-apple-darwin11/native/bin/clang -target x86_64-apple-darwin11 -mmacosx-version-min=10.8 --sysroot /home/dong/a-bpc/depends/SDKs/MacOSX10.9.sdk -mlinker-version=253.9 -qversion >&5
clang: error: unknown argument: '-qversion'
clang: error: no input files
configure:3489: $? = 1
configure:3509: checking whether the C compiler works
configure:3531: /home/dong/a-bpc/depends/x86_64-apple-darwin11/native/bin/clang -target x86_64-apple-darwin11 -mmacosx-version-min=10.8 --sysroot /home/dong/a-bpc/depends/SDKs/MacOSX10.9.sdk -mlinker-version=253.9 -pipe -O2  -I/home/dong/a-gravium/depends/x86_64-apple-darwin11/share/../include/  -L/home/dong/a-gravium/depends/x86_64-apple-darwin11/share/../lib  conftest.c  >&5
configure:3535: $? = 0
configure:3583: result: yes
configure:3586: checking for C compiler default output file name
configure:3588: result: a.out
configure:3594: checking for suffix of executables
configure:3601: /home/dong/a-bpc/depends/x86_64-apple-darwin11/native/bin/clang -target x86_64-apple-darwin11 -mmacosx-version-min=10.8 --sysroot /home/dong/a-bpc/depends/SDKs/MacOSX10.9.sdk -mlinker-version=253.9 -o conftest -pipe -O2  -I/home/dong/a-gravium/depends/x86_64-apple-darwin11/share/../include/  -L/home/dong/a-gravium/depends/x86_64-apple-darwin11/share/../lib  conftest.c  >&5
configure:3605: $? = 0
configure:3627: result: 
configure:3649: checking whether we are cross compiling
configure:3657: /home/dong/a-bpc/depends/x86_64-apple-darwin11/native/bin/clang -target x86_64-apple-darwin11 -mmacosx-version-min=10.8 --sysroot /home/dong/a-bpc/depends/SDKs/MacOSX10.9.sdk -mlinker-version=253.9 -o conftest -pipe -O2  -I/home/dong/a-gravium/depends/x86_64-apple-darwin11/share/../include/  -L/home/dong/a-gravium/depends/x86_64-apple-darwin11/share/../lib  conftest.c  >&5
configure:3661: $? = 0
configure:3668: ./conftest
./configure: line 3670: ./conftest: cannot execute binary file: Exec format error
configure:3672: $? = 126
configure:3687: result: yes
configure:3692: checking for suffix of object files
configure:3714: /home/dong/a-bpc/depends/x86_64-apple-darwin11/native/bin/clang -target x86_64-apple-darwin11 -mmacosx-version-min=10.8 --sysroot /home/dong/a-bpc/depends/SDKs/MacOSX10.9.sdk -mlinker-version=253.9 -c -pipe -O2  -I/home/dong/a-gravium/depends/x86_64-apple-darwin11/share/../include/  conftest.c >&5
configure:3718: $? = 0
configure:3739: result: o
configure:3743: checking whether we are using the GNU C compiler
configure:3762: /home/dong/a-bpc/depends/x86_64-apple-darwin11/native/bin/clang -target x86_64-apple-darwin11 -mmacosx-version-min=10.8 --sysroot /home/dong/a-bpc/depends/SDKs/MacOSX10.9.sdk -mlinker-version=253.9 -c -pipe -O2  -I/home/dong/a-gravium/depends/x86_64-apple-darwin11/share/../include/  conftest.c >&5
configure:3762: $? = 0
configure:3771: result: yes
configure:3780: checking whether /home/dong/a-bpc/depends/x86_64-apple-darwin11/native/bin/clang -target x86_64-apple-darwin11 -mmacosx-version-min=10.8 --sysroot /home/dong/a-bpc/depends/SDKs/MacOSX10.9.sdk -mlinker-version=253.9 accepts -g
configure:3800: /home/dong/a-bpc/depends/x86_64-apple-darwin11/native/bin/clang -target x86_64-apple-darwin11 -mmacosx-version-min=10.8 --sysroot /home/dong/a-bpc/depends/SDKs/MacOSX10.9.sdk -mlinker-version=253.9 -c -g -I/home/dong/a-gravium/depends/x86_64-apple-darwin11/share/../include/  conftest.c >&5
configure:3800: $? = 0
configure:3841: result: yes
configure:3858: checking for /home/dong/a-bpc/depends/x86_64-apple-darwin11/native/bin/clang -target x86_64-apple-darwin11 -mmacosx-version-min=10.8 --sysroot /home/dong/a-bpc/depends/SDKs/MacOSX10.9.sdk -mlinker-version=253.9 option to accept ISO C89
configure:3921: /home/dong/a-bpc/depends/x86_64-apple-darwin11/native/bin/clang -target x86_64-apple-darwin11 -mmacosx-version-min=10.8 --sysroot /home/dong/a-bpc/depends/SDKs/MacOSX10.9.sdk -mlinker-version=253.9  -c -pipe -O2  -I/home/dong/a-gravium/depends/x86_64-apple-darwin11/share/../include/  conftest.c >&5
configure:3921: $? = 0
configure:3934: result: none needed
configure:3959: checking whether /home/dong/a-bpc/depends/x86_64-apple-darwin11/native/bin/clang -target x86_64-apple-darwin11 -mmacosx-version-min=10.8 --sysroot /home/dong/a-bpc/depends/SDKs/MacOSX10.9.sdk -mlinker-version=253.9 understands -c and -o together
configure:3981: /home/dong/a-bpc/depends/x86_64-apple-darwin11/native/bin/clang -target x86_64-apple-darwin11 -mmacosx-version-min=10.8 --sysroot /home/dong/a-bpc/depends/SDKs/MacOSX10.9.sdk -mlinker-version=253.9 -c conftest.c -o conftest2.o
configure:3984: $? = 0
configure:3981: /home/dong/a-bpc/depends/x86_64-apple-darwin11/native/bin/clang -target x86_64-apple-darwin11 -mmacosx-version-min=10.8 --sysroot /home/dong/a-bpc/depends/SDKs/MacOSX10.9.sdk -mlinker-version=253.9 -c conftest.c -o conftest2.o
configure:3984: $? = 0
configure:3996: result: yes
configure:4015: checking dependency style of /home/dong/a-bpc/depends/x86_64-apple-darwin11/native/bin/clang -target x86_64-apple-darwin11 -mmacosx-version-min=10.8 --sysroot /home/dong/a-bpc/depends/SDKs/MacOSX10.9.sdk -mlinker-version=253.9
configure:4126: result: gcc3
configure:4141: checking for a sed that does not truncate output
configure:4205: result: /bin/sed
configure:4223: checking for grep that handles long lines and -e
configure:4281: result: /bin/grep
configure:4286: checking for egrep
configure:4348: result: /bin/grep -E
configure:4353: checking for fgrep
configure:4415: result: /bin/grep -F
configure:4450: checking for ld used by /home/dong/a-bpc/depends/x86_64-apple-darwin11/native/bin/clang -target x86_64-apple-darwin11 -mmacosx-version-min=10.8 --sysroot /home/dong/a-bpc/depends/SDKs/MacOSX10.9.sdk -mlinker-version=253.9
configure:4517: result: /home/dong/a-bpc/depends/x86_64-apple-darwin11/native/bin/x86_64-apple-darwin11-ld
configure:4524: checking if the linker (/home/dong/a-bpc/depends/x86_64-apple-darwin11/native/bin/x86_64-apple-darwin11-ld) is GNU ld
configure:4539: result: no
configure:4551: checking for BSD- or MS-compatible name lister (nm)
configure:4600: result: /home/dong/a-bpc/depends/x86_64-apple-darwin11/native/bin/x86_64-apple-darwin11-nm
configure:4730: checking the name lister (/home/dong/a-bpc/depends/x86_64-apple-darwin11/native/bin/x86_64-apple-darwin11-nm) interface
configure:4737: /home/dong/a-bpc/depends/x86_64-apple-darwin11/native/bin/clang -target x86_64-apple-darwin11 -mmacosx-version-min=10.8 --sysroot /home/dong/a-bpc/depends/SDKs/MacOSX10.9.sdk -mlinker-version=253.9 -c -pipe -O2  -I/home/dong/a-gravium/depends/x86_64-apple-darwin11/share/../include/  conftest.c >&5
configure:4740: /home/dong/a-bpc/depends/x86_64-apple-darwin11/native/bin/x86_64-apple-darwin11-nm "conftest.o"
configure:4743: output
0000000000000000 S _some_variable
configure:4750: result: BSD nm
configure:4753: checking whether ln -s works
configure:4757: result: yes
configure:4765: checking the maximum length of command line arguments
configure:4896: result: 1572864
configure:4913: checking whether the shell understands some XSI constructs
configure:4923: result: yes
configure:4927: checking whether the shell understands "+="
configure:4933: result: yes
configure:4968: checking how to convert x86_64-unknown-linux-gnu file names to x86_64-apple-darwin11 format
configure:5008: result: func_convert_file_noop
configure:5015: checking how to convert x86_64-unknown-linux-gnu file names to toolchain format
configure:5035: result: func_convert_file_noop
configure:5042: checking for /home/dong/a-bpc/depends/x86_64-apple-darwin11/native/bin/x86_64-apple-darwin11-ld option to reload object files
configure:5049: result: -r
configure:5083: checking for x86_64-apple-darwin11-objdump
configure:5113: result: no
configure:5123: checking for objdump
configure:5139: found /usr/bin/objdump
configure:5150: result: objdump
configure:5162: WARNING: using cross tools not prefixed with host triplet
configure:5182: checking how to recognize dependent libraries
configure:5380: result: pass_all
configure:5425: checking for x86_64-apple-darwin11-dlltool
configure:5455: result: no
configure:5465: checking for dlltool
configure:5495: result: no
configure:5525: checking how to associate runtime and link libraries
configure:5552: result: printf %s\n
configure:5569: checking for x86_64-apple-darwin11-ar
configure:5596: result: /home/dong/a-bpc/depends/x86_64-apple-darwin11/native/bin/x86_64-apple-darwin11-ar
configure:5677: checking for archiver @FILE support
configure:5694: /home/dong/a-bpc/depends/x86_64-apple-darwin11/native/bin/clang -target x86_64-apple-darwin11 -mmacosx-version-min=10.8 --sysroot /home/dong/a-bpc/depends/SDKs/MacOSX10.9.sdk -mlinker-version=253.9 -c -pipe -O2  -I/home/dong/a-gravium/depends/x86_64-apple-darwin11/share/../include/  conftest.c >&5
configure:5694: $? = 0
configure:5697: /home/dong/a-bpc/depends/x86_64-apple-darwin11/native/bin/x86_64-apple-darwin11-ar cru libconftest.a @conftest.lst >&5
x86_64-apple-darwin11-ar: @conftest.lst: No such file or directory
configure:5700: $? = 1
configure:5720: result: no
configure:5738: checking for x86_64-apple-darwin11-strip
configure:5765: result: x86_64-apple-darwin11-strip
configure:5837: checking for x86_64-apple-darwin11-ranlib
configure:5864: result: /home/dong/a-bpc/depends/x86_64-apple-darwin11/native/bin/x86_64-apple-darwin11-ranlib
configure:6006: checking command to parse /home/dong/a-bpc/depends/x86_64-apple-darwin11/native/bin/x86_64-apple-darwin11-nm output from /home/dong/a-bpc/depends/x86_64-apple-darwin11/native/bin/clang -target x86_64-apple-darwin11 -mmacosx-version-min=10.8 --sysroot /home/dong/a-bpc/depends/SDKs/MacOSX10.9.sdk -mlinker-version=253.9 object
configure:6126: /home/dong/a-bpc/depends/x86_64-apple-darwin11/native/bin/clang -target x86_64-apple-darwin11 -mmacosx-version-min=10.8 --sysroot /home/dong/a-bpc/depends/SDKs/MacOSX10.9.sdk -mlinker-version=253.9 -c -pipe -O2  -I/home/dong/a-gravium/depends/x86_64-apple-darwin11/share/../include/  conftest.c >&5
configure:6129: $? = 0
configure:6133: /home/dong/a-bpc/depends/x86_64-apple-darwin11/native/bin/x86_64-apple-darwin11-nm conftest.o \| sed -n -e 's/^.*[ ]\([BCDEGRST][BCDEGRST]*\)[ ][ ]*\([_A-Za-z][_A-Za-z0-9]*\)$/\1 \2 \2/p' | sed '/ __gnu_lto/d' \> conftest.nm
configure:6136: $? = 0
cannot find nm_test_var in conftest.nm
configure:6126: /home/dong/a-bpc/depends/x86_64-apple-darwin11/native/bin/clang -target x86_64-apple-darwin11 -mmacosx-version-min=10.8 --sysroot /home/dong/a-bpc/depends/SDKs/MacOSX10.9.sdk -mlinker-version=253.9 -c -pipe -O2  -I/home/dong/a-gravium/depends/x86_64-apple-darwin11/share/../include/  conftest.c >&5
configure:6129: $? = 0
configure:6133: /home/dong/a-bpc/depends/x86_64-apple-darwin11/native/bin/x86_64-apple-darwin11-nm conftest.o \| sed -n -e 's/^.*[ ]\([BCDEGRST][BCDEGRST]*\)[ ][ ]*_\([_A-Za-z][_A-Za-z0-9]*\)$/\1 _\2 \2/p' | sed '/ __gnu_lto/d' \> conftest.nm
configure:6136: $? = 0
configure:6202: /home/dong/a-bpc/depends/x86_64-apple-darwin11/native/bin/clang -target x86_64-apple-darwin11 -mmacosx-version-min=10.8 --sysroot /home/dong/a-bpc/depends/SDKs/MacOSX10.9.sdk -mlinker-version=253.9 -o conftest -pipe -O2  -I/home/dong/a-gravium/depends/x86_64-apple-darwin11/share/../include/  -L/home/dong/a-gravium/depends/x86_64-apple-darwin11/share/../lib  conftest.c conftstm.o >&5
configure:6205: $? = 0
configure:6243: result: ok
configure:6280: checking for sysroot
configure:6310: result: no
configure:6539: checking for x86_64-apple-darwin11-mt
configure:6569: result: no
configure:6579: checking for mt
configure:6595: found /bin/mt
configure:6606: result: mt
configure:6629: checking if mt is a manifest tool
configure:6635: mt '-?'
configure:6643: result: no
configure:6659: checking for x86_64-apple-darwin11-dsymutil
configure:6675: found /home/dong/a-gravium/depends/x86_64-apple-darwin11/share/../native/bin/x86_64-apple-darwin11-dsymutil
configure:6686: result: x86_64-apple-darwin11-dsymutil
configure:6751: checking for x86_64-apple-darwin11-nmedit
configure:6767: found /home/dong/a-gravium/depends/x86_64-apple-darwin11/share/../native/bin/x86_64-apple-darwin11-nmedit
configure:6778: result: x86_64-apple-darwin11-nmedit
configure:6843: checking for x86_64-apple-darwin11-lipo
configure:6859: found /home/dong/a-gravium/depends/x86_64-apple-darwin11/share/../native/bin/x86_64-apple-darwin11-lipo
configure:6870: result: x86_64-apple-darwin11-lipo
configure:6935: checking for x86_64-apple-darwin11-otool
configure:6951: found /home/dong/a-gravium/depends/x86_64-apple-darwin11/share/../native/bin/x86_64-apple-darwin11-otool
configure:6962: result: x86_64-apple-darwin11-otool
configure:7027: checking for x86_64-apple-darwin11-otool64
configure:7057: result: no
configure:7067: checking for otool64
configure:7097: result: no
configure:7142: checking for -single_module linker flag
/home/dong/a-bpc/depends/x86_64-apple-darwin11/native/bin/clang -target x86_64-apple-darwin11 -mmacosx-version-min=10.8 --sysroot /home/dong/a-bpc/depends/SDKs/MacOSX10.9.sdk -mlinker-version=253.9 -pipe -O2  -L/home/dong/a-gravium/depends/x86_64-apple-darwin11/share/../lib  -o libconftest.dylib -dynamiclib -Wl,-single_module conftest.c
configure:7175: result: yes
configure:7178: checking for -exported_symbols_list linker flag
configure:7198: /home/dong/a-bpc/depends/x86_64-apple-darwin11/native/bin/clang -target x86_64-apple-darwin11 -mmacosx-version-min=10.8 --sysroot /home/dong/a-bpc/depends/SDKs/MacOSX10.9.sdk -mlinker-version=253.9 -o conftest -pipe -O2  -I/home/dong/a-gravium/depends/x86_64-apple-darwin11/share/../include/  -L/home/dong/a-gravium/depends/x86_64-apple-darwin11/share/../lib  -Wl,-exported_symbols_list,conftest.sym conftest.c  >&5
configure:7198: $? = 0
configure:7208: result: yes
configure:7211: checking for -force_load linker flag
/home/dong/a-bpc/depends/x86_64-apple-darwin11/native/bin/clang -target x86_64-apple-darwin11 -mmacosx-version-min=10.8 --sysroot /home/dong/a-bpc/depends/SDKs/MacOSX10.9.sdk -mlinker-version=253.9 -pipe -O2  -c -o conftest.o conftest.c
/home/dong/a-bpc/depends/x86_64-apple-darwin11/native/bin/x86_64-apple-darwin11-ar cru libconftest.a conftest.o
/home/dong/a-bpc/depends/x86_64-apple-darwin11/native/bin/x86_64-apple-darwin11-ranlib libconftest.a
/home/dong/a-bpc/depends/x86_64-apple-darwin11/native/bin/clang -target x86_64-apple-darwin11 -mmacosx-version-min=10.8 --sysroot /home/dong/a-bpc/depends/SDKs/MacOSX10.9.sdk -mlinker-version=253.9 -pipe -O2  -L/home/dong/a-gravium/depends/x86_64-apple-darwin11/share/../lib  -o conftest conftest.c -Wl,-force_load,./libconftest.a
configure:7243: result: yes
configure:7285: checking how to run the C preprocessor
configure:7316: /home/dong/a-bpc/depends/x86_64-apple-darwin11/native/bin/clang -target x86_64-apple-darwin11 -mmacosx-version-min=10.8 --sysroot /home/dong/a-bpc/depends/SDKs/MacOSX10.9.sdk -mlinker-version=253.9 -E -I/home/dong/a-gravium/depends/x86_64-apple-darwin11/share/../include/  conftest.c
configure:7316: $? = 0
configure:7330: /home/dong/a-bpc/depends/x86_64-apple-darwin11/native/bin/clang -target x86_64-apple-darwin11 -mmacosx-version-min=10.8 --sysroot /home/dong/a-bpc/depends/SDKs/MacOSX10.9.sdk -mlinker-version=253.9 -E -I/home/dong/a-gravium/depends/x86_64-apple-darwin11/share/../include/  conftest.c
conftest.c:11:10: fatal error: 'ac_nonexistent.h' file not found
#include <ac_nonexistent.h>
         ^
1 error generated.
configure:7330: $? = 1
configure: failed program was:
| /* confdefs.h */
| #define PACKAGE_NAME "libsecp256k1"
| #define PACKAGE_TARNAME "libsecp256k1"
| #define PACKAGE_VERSION "0.1"
| #define PACKAGE_STRING "libsecp256k1 0.1"
| #define PACKAGE_BUGREPORT ""
| #define PACKAGE_URL ""
| #define PACKAGE "libsecp256k1"
| #define VERSION "0.1"
| /* end confdefs.h.  */
| #include <ac_nonexistent.h>
configure:7355: result: /home/dong/a-bpc/depends/x86_64-apple-darwin11/native/bin/clang -target x86_64-apple-darwin11 -mmacosx-version-min=10.8 --sysroot /home/dong/a-bpc/depends/SDKs/MacOSX10.9.sdk -mlinker-version=253.9 -E
configure:7375: /home/dong/a-bpc/depends/x86_64-apple-darwin11/native/bin/clang -target x86_64-apple-darwin11 -mmacosx-version-min=10.8 --sysroot /home/dong/a-bpc/depends/SDKs/MacOSX10.9.sdk -mlinker-version=253.9 -E -I/home/dong/a-gravium/depends/x86_64-apple-darwin11/share/../include/  conftest.c
configure:7375: $? = 0
configure:7389: /home/dong/a-bpc/depends/x86_64-apple-darwin11/native/bin/clang -target x86_64-apple-darwin11 -mmacosx-version-min=10.8 --sysroot /home/dong/a-bpc/depends/SDKs/MacOSX10.9.sdk -mlinker-version=253.9 -E -I/home/dong/a-gravium/depends/x86_64-apple-darwin11/share/../include/  conftest.c
conftest.c:11:10: fatal error: 'ac_nonexistent.h' file not found
#include <ac_nonexistent.h>
         ^
1 error generated.
configure:7389: $? = 1
configure: failed program was:
| /* confdefs.h */
| #define PACKAGE_NAME "libsecp256k1"
| #define PACKAGE_TARNAME "libsecp256k1"
| #define PACKAGE_VERSION "0.1"
| #define PACKAGE_STRING "libsecp256k1 0.1"
| #define PACKAGE_BUGREPORT ""
| #define PACKAGE_URL ""
| #define PACKAGE "libsecp256k1"
| #define VERSION "0.1"
| /* end confdefs.h.  */
| #include <ac_nonexistent.h>
configure:7418: checking for ANSI C header files
configure:7438: /home/dong/a-bpc/depends/x86_64-apple-darwin11/native/bin/clang -target x86_64-apple-darwin11 -mmacosx-version-min=10.8 --sysroot /home/dong/a-bpc/depends/SDKs/MacOSX10.9.sdk -mlinker-version=253.9 -c -pipe -O2  -I/home/dong/a-gravium/depends/x86_64-apple-darwin11/share/../include/  conftest.c >&5
configure:7438: $? = 0
configure:7522: result: yes
configure:7535: checking for sys/types.h
configure:7535: /home/dong/a-bpc/depends/x86_64-apple-darwin11/native/bin/clang -target x86_64-apple-darwin11 -mmacosx-version-min=10.8 --sysroot /home/dong/a-bpc/depends/SDKs/MacOSX10.9.sdk -mlinker-version=253.9 -c -pipe -O2  -I/home/dong/a-gravium/depends/x86_64-apple-darwin11/share/../include/  conftest.c >&5
configure:7535: $? = 0
configure:7535: result: yes
configure:7535: checking for sys/stat.h
configure:7535: /home/dong/a-bpc/depends/x86_64-apple-darwin11/native/bin/clang -target x86_64-apple-darwin11 -mmacosx-version-min=10.8 --sysroot /home/dong/a-bpc/depends/SDKs/MacOSX10.9.sdk -mlinker-version=253.9 -c -pipe -O2  -I/home/dong/a-gravium/depends/x86_64-apple-darwin11/share/../include/  conftest.c >&5
configure:7535: $? = 0
configure:7535: result: yes
configure:7535: checking for stdlib.h
configure:7535: /home/dong/a-bpc/depends/x86_64-apple-darwin11/native/bin/clang -target x86_64-apple-darwin11 -mmacosx-version-min=10.8 --sysroot /home/dong/a-bpc/depends/SDKs/MacOSX10.9.sdk -mlinker-version=253.9 -c -pipe -O2  -I/home/dong/a-gravium/depends/x86_64-apple-darwin11/share/../include/  conftest.c >&5
configure:7535: $? = 0
configure:7535: result: yes
configure:7535: checking for string.h
configure:7535: /home/dong/a-bpc/depends/x86_64-apple-darwin11/native/bin/clang -target x86_64-apple-darwin11 -mmacosx-version-min=10.8 --sysroot /home/dong/a-bpc/depends/SDKs/MacOSX10.9.sdk -mlinker-version=253.9 -c -pipe -O2  -I/home/dong/a-gravium/depends/x86_64-apple-darwin11/share/../include/  conftest.c >&5
configure:7535: $? = 0
configure:7535: result: yes
configure:7535: checking for memory.h
configure:7535: /home/dong/a-bpc/depends/x86_64-apple-darwin11/native/bin/clang -target x86_64-apple-darwin11 -mmacosx-version-min=10.8 --sysroot /home/dong/a-bpc/depends/SDKs/MacOSX10.9.sdk -mlinker-version=253.9 -c -pipe -O2  -I/home/dong/a-gravium/depends/x86_64-apple-darwin11/share/../include/  conftest.c >&5
configure:7535: $? = 0
configure:7535: result: yes
configure:7535: checking for strings.h
configure:7535: /home/dong/a-bpc/depends/x86_64-apple-darwin11/native/bin/clang -target x86_64-apple-darwin11 -mmacosx-version-min=10.8 --sysroot /home/dong/a-bpc/depends/SDKs/MacOSX10.9.sdk -mlinker-version=253.9 -c -pipe -O2  -I/home/dong/a-gravium/depends/x86_64-apple-darwin11/share/../include/  conftest.c >&5
configure:7535: $? = 0
configure:7535: result: yes
configure:7535: checking for inttypes.h
configure:7535: /home/dong/a-bpc/depends/x86_64-apple-darwin11/native/bin/clang -target x86_64-apple-darwin11 -mmacosx-version-min=10.8 --sysroot /home/dong/a-bpc/depends/SDKs/MacOSX10.9.sdk -mlinker-version=253.9 -c -pipe -O2  -I/home/dong/a-gravium/depends/x86_64-apple-darwin11/share/../include/  conftest.c >&5
configure:7535: $? = 0
configure:7535: result: yes
configure:7535: checking for stdint.h
configure:7535: /home/dong/a-bpc/depends/x86_64-apple-darwin11/native/bin/clang -target x86_64-apple-darwin11 -mmacosx-version-min=10.8 --sysroot /home/dong/a-bpc/depends/SDKs/MacOSX10.9.sdk -mlinker-version=253.9 -c -pipe -O2  -I/home/dong/a-gravium/depends/x86_64-apple-darwin11/share/../include/  conftest.c >&5
configure:7535: $? = 0
configure:7535: result: yes
configure:7535: checking for unistd.h
configure:7535: /home/dong/a-bpc/depends/x86_64-apple-darwin11/native/bin/clang -target x86_64-apple-darwin11 -mmacosx-version-min=10.8 --sysroot /home/dong/a-bpc/depends/SDKs/MacOSX10.9.sdk -mlinker-version=253.9 -c -pipe -O2  -I/home/dong/a-gravium/depends/x86_64-apple-darwin11/share/../include/  conftest.c >&5
configure:7535: $? = 0
configure:7535: result: yes
configure:7549: checking for dlfcn.h
configure:7549: /home/dong/a-bpc/depends/x86_64-apple-darwin11/native/bin/clang -target x86_64-apple-darwin11 -mmacosx-version-min=10.8 --sysroot /home/dong/a-bpc/depends/SDKs/MacOSX10.9.sdk -mlinker-version=253.9 -c -pipe -O2  -I/home/dong/a-gravium/depends/x86_64-apple-darwin11/share/../include/  conftest.c >&5
configure:7549: $? = 0
configure:7549: result: yes
configure:7755: checking for objdir
configure:7770: result: .libs
configure:8041: checking if /home/dong/a-bpc/depends/x86_64-apple-darwin11/native/bin/clang -target x86_64-apple-darwin11 -mmacosx-version-min=10.8 --sysroot /home/dong/a-bpc/depends/SDKs/MacOSX10.9.sdk -mlinker-version=253.9 supports -fno-rtti -fno-exceptions
configure:8059: /home/dong/a-bpc/depends/x86_64-apple-darwin11/native/bin/clang -target x86_64-apple-darwin11 -mmacosx-version-min=10.8 --sysroot /home/dong/a-bpc/depends/SDKs/MacOSX10.9.sdk -mlinker-version=253.9 -c -pipe -O2  -I/home/dong/a-gravium/depends/x86_64-apple-darwin11/share/../include/  -fno-rtti -fno-exceptions conftest.c >&5
configure:8063: $? = 0
configure:8076: result: yes
configure:8403: checking for /home/dong/a-bpc/depends/x86_64-apple-darwin11/native/bin/clang -target x86_64-apple-darwin11 -mmacosx-version-min=10.8 --sysroot /home/dong/a-bpc/depends/SDKs/MacOSX10.9.sdk -mlinker-version=253.9 option to produce PIC
configure:8410: result: -fno-common -DPIC
configure:8418: checking if /home/dong/a-bpc/depends/x86_64-apple-darwin11/native/bin/clang -target x86_64-apple-darwin11 -mmacosx-version-min=10.8 --sysroot /home/dong/a-bpc/depends/SDKs/MacOSX10.9.sdk -mlinker-version=253.9 PIC flag -fno-common -DPIC works
configure:8436: /home/dong/a-bpc/depends/x86_64-apple-darwin11/native/bin/clang -target x86_64-apple-darwin11 -mmacosx-version-min=10.8 --sysroot /home/dong/a-bpc/depends/SDKs/MacOSX10.9.sdk -mlinker-version=253.9 -c -pipe -O2  -I/home/dong/a-gravium/depends/x86_64-apple-darwin11/share/../include/  -fno-common -DPIC -DPIC conftest.c >&5
configure:8440: $? = 0
configure:8453: result: yes
configure:8482: checking if /home/dong/a-bpc/depends/x86_64-apple-darwin11/native/bin/clang -target x86_64-apple-darwin11 -mmacosx-version-min=10.8 --sysroot /home/dong/a-bpc/depends/SDKs/MacOSX10.9.sdk -mlinker-version=253.9 static flag -static works
configure:8510: result: no
configure:8525: checking if /home/dong/a-bpc/depends/x86_64-apple-darwin11/native/bin/clang -target x86_64-apple-darwin11 -mmacosx-version-min=10.8 --sysroot /home/dong/a-bpc/depends/SDKs/MacOSX10.9.sdk -mlinker-version=253.9 supports -c -o file.o
configure:8546: /home/dong/a-bpc/depends/x86_64-apple-darwin11/native/bin/clang -target x86_64-apple-darwin11 -mmacosx-version-min=10.8 --sysroot /home/dong/a-bpc/depends/SDKs/MacOSX10.9.sdk -mlinker-version=253.9 -c -pipe -O2  -I/home/dong/a-gravium/depends/x86_64-apple-darwin11/share/../include/  -o out/conftest2.o conftest.c >&5
configure:8550: $? = 0
configure:8572: result: yes
configure:8580: checking if /home/dong/a-bpc/depends/x86_64-apple-darwin11/native/bin/clang -target x86_64-apple-darwin11 -mmacosx-version-min=10.8 --sysroot /home/dong/a-bpc/depends/SDKs/MacOSX10.9.sdk -mlinker-version=253.9 supports -c -o file.o
configure:8627: result: yes
configure:8660: checking whether the /home/dong/a-bpc/depends/x86_64-apple-darwin11/native/bin/clang -target x86_64-apple-darwin11 -mmacosx-version-min=10.8 --sysroot /home/dong/a-bpc/depends/SDKs/MacOSX10.9.sdk -mlinker-version=253.9 linker (/home/dong/a-bpc/depends/x86_64-apple-darwin11/native/bin/x86_64-apple-darwin11-ld) supports shared libraries
configure:9817: result: yes
configure:10057: checking dynamic linker characteristics
configure:10791: result: darwin11 dyld
configure:10898: checking how to hardcode library paths into programs
configure:10923: result: immediate
configure:11463: checking whether stripping libraries is possible
configure:11477: result: yes
configure:11503: checking if libtool supports shared libraries
configure:11505: result: yes
configure:11508: checking whether to build shared libraries
configure:11529: result: no
configure:11532: checking whether to build static libraries
configure:11536: result: yes
configure:11585: checking whether make supports nested variables
configure:11602: result: yes
configure:11625: checking for x86_64-apple-darwin11-pkg-config
configure:11655: result: /usr/bin/pkg-config --static
configure:11723: checking pkg-config is at least version 0.9.0
configure:11726: result: yes
configure:11738: checking for x86_64-apple-darwin11-ar
configure:11768: result: /home/dong/a-bpc/depends/x86_64-apple-darwin11/native/bin/x86_64-apple-darwin11-ar
configure:11836: checking for x86_64-apple-darwin11-ranlib
configure:11866: result: /home/dong/a-bpc/depends/x86_64-apple-darwin11/native/bin/x86_64-apple-darwin11-ranlib
configure:11934: checking for x86_64-apple-darwin11-strip
configure:11952: found /home/dong/a-gravium/depends/x86_64-apple-darwin11/share/../native/bin/x86_64-apple-darwin11-strip
configure:11964: result: /home/dong/a-gravium/depends/x86_64-apple-darwin11/share/../native/bin/x86_64-apple-darwin11-strip
configure:12085: checking for gcc
configure:12101: found /usr/bin/gcc
configure:12112: result: gcc
configure:12341: checking for C compiler version
configure:12350: gcc --version >&5
gcc (Ubuntu 4.8.4-2ubuntu1~14.04.4) 4.8.4
Copyright (C) 2013 Free Software Foundation, Inc.
This is free software; see the source for copying conditions.  There is NO
warranty; not even for MERCHANTABILITY or FITNESS FOR A PARTICULAR PURPOSE.

configure:12361: $? = 0
configure:12350: gcc -v >&5
Using built-in specs.
COLLECT_GCC=gcc
COLLECT_LTO_WRAPPER=/usr/lib/gcc/x86_64-linux-gnu/4.8/lto-wrapper
Target: x86_64-linux-gnu
Configured with: ../src/configure -v --with-pkgversion='Ubuntu 4.8.4-2ubuntu1~14.04.4' --with-bugurl=file:///usr/share/doc/gcc-4.8/README.Bugs --enable-languages=c,c++,java,go,d,fortran,objc,obj-c++ --prefix=/usr --program-suffix=-4.8 --enable-shared --enable-linker-build-id --libexecdir=/usr/lib --without-included-gettext --enable-threads=posix --with-gxx-include-dir=/usr/include/c++/4.8 --libdir=/usr/lib --enable-nls --with-sysroot=/ --enable-clocale=gnu --enable-libstdcxx-debug --enable-libstdcxx-time=yes --enable-gnu-unique-object --disable-libmudflap --enable-plugin --with-system-zlib --disable-browser-plugin --enable-java-awt=gtk --enable-gtk-cairo --with-java-home=/usr/lib/jvm/java-1.5.0-gcj-4.8-amd64/jre --enable-java-home --with-jvm-root-dir=/usr/lib/jvm/java-1.5.0-gcj-4.8-amd64 --with-jvm-jar-dir=/usr/lib/jvm-exports/java-1.5.0-gcj-4.8-amd64 --with-arch-directory=amd64 --with-ecj-jar=/usr/share/java/eclipse-ecj.jar --enable-objc-gc --enable-multiarch --disable-werror --with-arch-32=i686 --with-abi=m64 --with-multilib-list=m32,m64,mx32 --with-tune=generic --enable-checking=release --build=x86_64-linux-gnu --host=x86_64-linux-gnu --target=x86_64-linux-gnu
Thread model: posix
gcc version 4.8.4 (Ubuntu 4.8.4-2ubuntu1~14.04.4) 
configure:12361: $? = 0
configure:12350: gcc -V >&5
gcc: error: unrecognized command line option '-V'
gcc: fatal error: no input files
compilation terminated.
configure:12361: $? = 4
configure:12350: gcc -qversion >&5
gcc: error: unrecognized command line option '-qversion'
gcc: fatal error: no input files
compilation terminated.
configure:12361: $? = 4
configure:12365: checking whether we are using the GNU C compiler
configure:12393: result: yes
configure:12402: checking whether gcc accepts -g
configure:12422: /home/dong/a-bpc/depends/x86_64-apple-darwin11/native/bin/clang -target x86_64-apple-darwin11 -mmacosx-version-min=10.8 --sysroot /home/dong/a-bpc/depends/SDKs/MacOSX10.9.sdk -mlinker-version=253.9 -c -pipe -O2  -I/home/dong/a-gravium/depends/x86_64-apple-darwin11/share/../include/  conftest.c >&5
configure:12422: $? = 0
configure:12463: result: yes
configure:12480: checking for gcc option to accept ISO C89
configure:12556: result: none needed
configure:12581: checking whether gcc understands -c and -o together
configure:12618: result: yes
configure:12637: checking dependency style of gcc
configure:12748: result: gcc3
configure:12768: checking how to run the C preprocessor
configure:12799: /home/dong/a-bpc/depends/x86_64-apple-darwin11/native/bin/clang -target x86_64-apple-darwin11 -mmacosx-version-min=10.8 --sysroot /home/dong/a-bpc/depends/SDKs/MacOSX10.9.sdk -mlinker-version=253.9 -E -I/home/dong/a-gravium/depends/x86_64-apple-darwin11/share/../include/  conftest.c
configure:12799: $? = 0
configure:12813: /home/dong/a-bpc/depends/x86_64-apple-darwin11/native/bin/clang -target x86_64-apple-darwin11 -mmacosx-version-min=10.8 --sysroot /home/dong/a-bpc/depends/SDKs/MacOSX10.9.sdk -mlinker-version=253.9 -E -I/home/dong/a-gravium/depends/x86_64-apple-darwin11/share/../include/  conftest.c
conftest.c:23:10: fatal error: 'ac_nonexistent.h' file not found
#include <ac_nonexistent.h>
         ^
1 error generated.
configure:12813: $? = 1
configure: failed program was:
| /* confdefs.h */
| #define PACKAGE_NAME "libsecp256k1"
| #define PACKAGE_TARNAME "libsecp256k1"
| #define PACKAGE_VERSION "0.1"
| #define PACKAGE_STRING "libsecp256k1 0.1"
| #define PACKAGE_BUGREPORT ""
| #define PACKAGE_URL ""
| #define PACKAGE "libsecp256k1"
| #define VERSION "0.1"
| #define STDC_HEADERS 1
| #define HAVE_SYS_TYPES_H 1
| #define HAVE_SYS_STAT_H 1
| #define HAVE_STDLIB_H 1
| #define HAVE_STRING_H 1
| #define HAVE_MEMORY_H 1
| #define HAVE_STRINGS_H 1
| #define HAVE_INTTYPES_H 1
| #define HAVE_STDINT_H 1
| #define HAVE_UNISTD_H 1
| #define HAVE_DLFCN_H 1
| #define LT_OBJDIR ".libs/"
| /* end confdefs.h.  */
| #include <ac_nonexistent.h>
configure:12838: result: gcc -E
configure:12858: /home/dong/a-bpc/depends/x86_64-apple-darwin11/native/bin/clang -target x86_64-apple-darwin11 -mmacosx-version-min=10.8 --sysroot /home/dong/a-bpc/depends/SDKs/MacOSX10.9.sdk -mlinker-version=253.9 -E -I/home/dong/a-gravium/depends/x86_64-apple-darwin11/share/../include/  conftest.c
configure:12858: $? = 0
configure:12872: /home/dong/a-bpc/depends/x86_64-apple-darwin11/native/bin/clang -target x86_64-apple-darwin11 -mmacosx-version-min=10.8 --sysroot /home/dong/a-bpc/depends/SDKs/MacOSX10.9.sdk -mlinker-version=253.9 -E -I/home/dong/a-gravium/depends/x86_64-apple-darwin11/share/../include/  conftest.c
conftest.c:23:10: fatal error: 'ac_nonexistent.h' file not found
#include <ac_nonexistent.h>
         ^
1 error generated.
configure:12872: $? = 1
configure: failed program was:
| /* confdefs.h */
| #define PACKAGE_NAME "libsecp256k1"
| #define PACKAGE_TARNAME "libsecp256k1"
| #define PACKAGE_VERSION "0.1"
| #define PACKAGE_STRING "libsecp256k1 0.1"
| #define PACKAGE_BUGREPORT ""
| #define PACKAGE_URL ""
| #define PACKAGE "libsecp256k1"
| #define VERSION "0.1"
| #define STDC_HEADERS 1
| #define HAVE_SYS_TYPES_H 1
| #define HAVE_SYS_STAT_H 1
| #define HAVE_STDLIB_H 1
| #define HAVE_STRING_H 1
| #define HAVE_MEMORY_H 1
| #define HAVE_STRINGS_H 1
| #define HAVE_INTTYPES_H 1
| #define HAVE_STDINT_H 1
| #define HAVE_UNISTD_H 1
| #define HAVE_DLFCN_H 1
| #define LT_OBJDIR ".libs/"
| /* end confdefs.h.  */
| #include <ac_nonexistent.h>
configure:12916: checking for /home/dong/a-bpc/depends/x86_64-apple-darwin11/native/bin/clang -target x86_64-apple-darwin11 -mmacosx-version-min=10.8 --sysroot /home/dong/a-bpc/depends/SDKs/MacOSX10.9.sdk -mlinker-version=253.9 option to accept ISO C89
configure:12992: result: none needed
configure:13121: checking if /home/dong/a-bpc/depends/x86_64-apple-darwin11/native/bin/clang -target x86_64-apple-darwin11 -mmacosx-version-min=10.8 --sysroot /home/dong/a-bpc/depends/SDKs/MacOSX10.9.sdk -mlinker-version=253.9 supports -std=c89 -pedantic -Wall -Wextra -Wcast-align -Wnested-externs -Wshadow -Wstrict-prototypes -Wno-unused-function -Wno-long-long -Wno-overlength-strings
configure:13127: /home/dong/a-bpc/depends/x86_64-apple-darwin11/native/bin/clang -target x86_64-apple-darwin11 -mmacosx-version-min=10.8 --sysroot /home/dong/a-bpc/depends/SDKs/MacOSX10.9.sdk -mlinker-version=253.9 -c -pipe -O2  -W -std=c89 -pedantic -Wall -Wextra -Wcast-align -Wnested-externs -Wshadow -Wstrict-prototypes -Wno-unused-function -Wno-long-long -Wno-overlength-strings -I/home/dong/a-gravium/depends/x86_64-apple-darwin11/share/../include/  conftest.c >&5
configure:13127: $? = 0
configure:13128: result: yes
configure:13140: checking if /home/dong/a-bpc/depends/x86_64-apple-darwin11/native/bin/clang -target x86_64-apple-darwin11 -mmacosx-version-min=10.8 --sysroot /home/dong/a-bpc/depends/SDKs/MacOSX10.9.sdk -mlinker-version=253.9 supports -fvisibility=hidden
configure:13146: /home/dong/a-bpc/depends/x86_64-apple-darwin11/native/bin/clang -target x86_64-apple-darwin11 -mmacosx-version-min=10.8 --sysroot /home/dong/a-bpc/depends/SDKs/MacOSX10.9.sdk -mlinker-version=253.9 -c -pipe -O2  -W -std=c89 -pedantic -Wall -Wextra -Wcast-align -Wnested-externs -Wshadow -Wstrict-prototypes -Wno-unused-function -Wno-long-long -Wno-overlength-strings -fvisibility=hidden -I/home/dong/a-gravium/depends/x86_64-apple-darwin11/share/../include/  conftest.c >&5
configure:13146: $? = 0
configure:13147: result: yes
configure:13249: checking for __int128
configure:13249: /home/dong/a-bpc/depends/x86_64-apple-darwin11/native/bin/clang -target x86_64-apple-darwin11 -mmacosx-version-min=10.8 --sysroot /home/dong/a-bpc/depends/SDKs/MacOSX10.9.sdk -mlinker-version=253.9 -c -pipe -O2  -W -std=c89 -pedantic -Wall -Wextra -Wcast-align -Wnested-externs -Wshadow -Wstrict-prototypes -Wno-unused-function -Wno-long-long -Wno-overlength-strings -fvisibility=hidden -I/home/dong/a-gravium/depends/x86_64-apple-darwin11/share/../include/  conftest.c >&5
configure:13249: $? = 0
configure:13249: /home/dong/a-bpc/depends/x86_64-apple-darwin11/native/bin/clang -target x86_64-apple-darwin11 -mmacosx-version-min=10.8 --sysroot /home/dong/a-bpc/depends/SDKs/MacOSX10.9.sdk -mlinker-version=253.9 -c -pipe -O2  -W -std=c89 -pedantic -Wall -Wextra -Wcast-align -Wnested-externs -Wshadow -Wstrict-prototypes -Wno-unused-function -Wno-long-long -Wno-overlength-strings -fvisibility=hidden -I/home/dong/a-gravium/depends/x86_64-apple-darwin11/share/../include/  conftest.c >&5
conftest.c:59:23: error: expected expression
if (sizeof ((__int128)))
                      ^
1 error generated.
configure:13249: $? = 1
configure: failed program was:
| /* confdefs.h */
| #define PACKAGE_NAME "libsecp256k1"
| #define PACKAGE_TARNAME "libsecp256k1"
| #define PACKAGE_VERSION "0.1"
| #define PACKAGE_STRING "libsecp256k1 0.1"
| #define PACKAGE_BUGREPORT ""
| #define PACKAGE_URL ""
| #define PACKAGE "libsecp256k1"
| #define VERSION "0.1"
| #define STDC_HEADERS 1
| #define HAVE_SYS_TYPES_H 1
| #define HAVE_SYS_STAT_H 1
| #define HAVE_STDLIB_H 1
| #define HAVE_STRING_H 1
| #define HAVE_MEMORY_H 1
| #define HAVE_STRINGS_H 1
| #define HAVE_INTTYPES_H 1
| #define HAVE_STDINT_H 1
| #define HAVE_UNISTD_H 1
| #define HAVE_DLFCN_H 1
| #define LT_OBJDIR ".libs/"
| /* end confdefs.h.  */
| #include <stdio.h>
| #ifdef HAVE_SYS_TYPES_H
| # include <sys/types.h>
| #endif
| #ifdef HAVE_SYS_STAT_H
| # include <sys/stat.h>
| #endif
| #ifdef STDC_HEADERS
| # include <stdlib.h>
| # include <stddef.h>
| #else
| # ifdef HAVE_STDLIB_H
| #  include <stdlib.h>
| # endif
| #endif
| #ifdef HAVE_STRING_H
| # if !defined STDC_HEADERS && defined HAVE_MEMORY_H
| #  include <memory.h>
| # endif
| # include <string.h>
| #endif
| #ifdef HAVE_STRINGS_H
| # include <strings.h>
| #endif
| #ifdef HAVE_INTTYPES_H
| # include <inttypes.h>
| #endif
| #ifdef HAVE_STDINT_H
| # include <stdint.h>
| #endif
| #ifdef HAVE_UNISTD_H
| # include <unistd.h>
| #endif
| int
| main ()
| {
| if (sizeof ((__int128)))
| 	    return 0;
|   ;
|   return 0;
| }
configure:13249: result: yes
configure:13260: checking for __builtin_expect
configure:13266: /home/dong/a-bpc/depends/x86_64-apple-darwin11/native/bin/clang -target x86_64-apple-darwin11 -mmacosx-version-min=10.8 --sysroot /home/dong/a-bpc/depends/SDKs/MacOSX10.9.sdk -mlinker-version=253.9 -c -pipe -O2  -W -std=c89 -pedantic -Wall -Wextra -Wcast-align -Wnested-externs -Wshadow -Wstrict-prototypes -Wno-unused-function -Wno-long-long -Wno-overlength-strings -fvisibility=hidden -I/home/dong/a-gravium/depends/x86_64-apple-darwin11/share/../include/  conftest.c >&5
conftest.c:24:16: warning: ignoring return value of function declared with const attribute [-Wunused-value]
void myfunc() {__builtin_expect(0,0);}
               ^~~~~~~~~~~~~~~~ ~~~
1 warning generated.
configure:13266: $? = 0
configure:13267: result: yes
configure:13280: checking for x86_64 assembly availability
configure:13297: /home/dong/a-bpc/depends/x86_64-apple-darwin11/native/bin/clang -target x86_64-apple-darwin11 -mmacosx-version-min=10.8 --sysroot /home/dong/a-bpc/depends/SDKs/MacOSX10.9.sdk -mlinker-version=253.9 -c -pipe -O2  -W -std=c89 -pedantic -Wall -Wextra -Wcast-align -Wnested-externs -Wshadow -Wstrict-prototypes -Wno-unused-function -Wno-long-long -Wno-overlength-strings -fvisibility=hidden -I/home/dong/a-gravium/depends/x86_64-apple-darwin11/share/../include/  conftest.c >&5
conftest.c:32:93: warning: variable 'tmp' is uninitialized when used here [-Wuninitialized]
  __asm__ __volatile__("movq SECP_64BIT_ASM_CHECKx100000000,%1; mulq %%rsi" : "+a"(a) : "S"(tmp) : "cc", "%rdx");
                                                                                            ^~~
conftest.c:31:23: note: initialize the variable 'tmp' to silence this warning
  uint64_t a = 11, tmp;
                      ^
                       = 0
fatal error: error in backend: 32-bit absolute addressing is not supported in 64-bit mode
configure:13297: $? = 1
configure: failed program was:
| /* confdefs.h */
| #define PACKAGE_NAME "libsecp256k1"
| #define PACKAGE_TARNAME "libsecp256k1"
| #define PACKAGE_VERSION "0.1"
| #define PACKAGE_STRING "libsecp256k1 0.1"
| #define PACKAGE_BUGREPORT ""
| #define PACKAGE_URL ""
| #define PACKAGE "libsecp256k1"
| #define VERSION "0.1"
| #define STDC_HEADERS 1
| #define HAVE_SYS_TYPES_H 1
| #define HAVE_SYS_STAT_H 1
| #define HAVE_STDLIB_H 1
| #define HAVE_STRING_H 1
| #define HAVE_MEMORY_H 1
| #define HAVE_STRINGS_H 1
| #define HAVE_INTTYPES_H 1
| #define HAVE_STDINT_H 1
| #define HAVE_UNISTD_H 1
| #define HAVE_DLFCN_H 1
| #define LT_OBJDIR ".libs/"
| #define HAVE___INT128 1
| #define HAVE_BUILTIN_EXPECT 1
| /* end confdefs.h.  */
| 
|   #include <stdint.h>
| int
| main ()
| {
| 
|   uint64_t a = 11, tmp;
|   __asm__ __volatile__("movq SECP_64BIT_ASM_CHECKx100000000,%1; mulq %%rsi" : "+a"(a) : "S"(tmp) : "cc", "%rdx");
| 
|   ;
|   return 0;
| }
configure:13303: result: no
configure:13644: checking for CRYPTO
configure:13651: $PKG_CONFIG --exists --print-errors "libcrypto"
configure:13654: $? = 0
configure:13668: $PKG_CONFIG --exists --print-errors "libcrypto"
configure:13671: $? = 0
configure:13709: result: yes
configure:13716: checking for main in -lcrypto
configure:13735: /home/dong/a-bpc/depends/x86_64-apple-darwin11/native/bin/clang -target x86_64-apple-darwin11 -mmacosx-version-min=10.8 --sysroot /home/dong/a-bpc/depends/SDKs/MacOSX10.9.sdk -mlinker-version=253.9 -o conftest -pipe -O2  -W -std=c89 -pedantic -Wall -Wextra -Wcast-align -Wnested-externs -Wshadow -Wstrict-prototypes -Wno-unused-function -Wno-long-long -Wno-overlength-strings -fvisibility=hidden -I/home/dong/a-gravium/depends/x86_64-apple-darwin11/share/../include/  -L/home/dong/a-gravium/depends/x86_64-apple-darwin11/share/../lib  conftest.c -lcrypto   -L/home/dong/a-bpc/depends/x86_64-apple-darwin11/lib -lcrypto   >&5
conftest.c:34:1: warning: all paths through this function will call itself [-Winfinite-recursion]
{
^
1 warning generated.
configure:13735: $? = 0
configure:13744: result: yes
configure:13808: checking for EC functions in libcrypto
configure:13829: /home/dong/a-bpc/depends/x86_64-apple-darwin11/native/bin/clang -target x86_64-apple-darwin11 -mmacosx-version-min=10.8 --sysroot /home/dong/a-bpc/depends/SDKs/MacOSX10.9.sdk -mlinker-version=253.9 -c -pipe -O2  -W -std=c89 -pedantic -Wall -Wextra -Wcast-align -Wnested-externs -Wshadow -Wstrict-prototypes -Wno-unused-function -Wno-long-long -Wno-overlength-strings -fvisibility=hidden -I/home/dong/a-gravium/depends/x86_64-apple-darwin11/share/../include/  conftest.c >&5
configure:13829: $? = 0
configure:13835: result: yes
configure:13890: checking whether byte ordering is bigendian
configure:13905: /home/dong/a-bpc/depends/x86_64-apple-darwin11/native/bin/clang -target x86_64-apple-darwin11 -mmacosx-version-min=10.8 --sysroot /home/dong/a-bpc/depends/SDKs/MacOSX10.9.sdk -mlinker-version=253.9 -c -pipe -O2  -W -std=c89 -pedantic -Wall -Wextra -Wcast-align -Wnested-externs -Wshadow -Wstrict-prototypes -Wno-unused-function -Wno-long-long -Wno-overlength-strings -fvisibility=hidden -I/home/dong/a-gravium/depends/x86_64-apple-darwin11/share/../include/  conftest.c >&5
configure:13905: $? = 0
configure:13950: /home/dong/a-bpc/depends/x86_64-apple-darwin11/native/bin/clang -target x86_64-apple-darwin11 -mmacosx-version-min=10.8 --sysroot /home/dong/a-bpc/depends/SDKs/MacOSX10.9.sdk -mlinker-version=253.9 -c -pipe -O2  -W -std=c89 -pedantic -Wall -Wextra -Wcast-align -Wnested-externs -Wshadow -Wstrict-prototypes -Wno-unused-function -Wno-long-long -Wno-overlength-strings -fvisibility=hidden -I/home/dong/a-gravium/depends/x86_64-apple-darwin11/share/../include/  conftest.c >&5
configure:13950: $? = 0
configure:13968: /home/dong/a-bpc/depends/x86_64-apple-darwin11/native/bin/clang -target x86_64-apple-darwin11 -mmacosx-version-min=10.8 --sysroot /home/dong/a-bpc/depends/SDKs/MacOSX10.9.sdk -mlinker-version=253.9 -c -pipe -O2  -W -std=c89 -pedantic -Wall -Wextra -Wcast-align -Wnested-externs -Wshadow -Wstrict-prototypes -Wno-unused-function -Wno-long-long -Wno-overlength-strings -fvisibility=hidden -I/home/dong/a-gravium/depends/x86_64-apple-darwin11/share/../include/  conftest.c >&5
conftest.c:41:4: error: use of undeclared identifier 'not'
                 not big endian
                 ^
1 error generated.
configure:13968: $? = 1
configure: failed program was:
| /* confdefs.h */
| #define PACKAGE_NAME "libsecp256k1"
| #define PACKAGE_TARNAME "libsecp256k1"
| #define PACKAGE_VERSION "0.1"
| #define PACKAGE_STRING "libsecp256k1 0.1"
| #define PACKAGE_BUGREPORT ""
| #define PACKAGE_URL ""
| #define PACKAGE "libsecp256k1"
| #define VERSION "0.1"
| #define STDC_HEADERS 1
| #define HAVE_SYS_TYPES_H 1
| #define HAVE_SYS_STAT_H 1
| #define HAVE_STDLIB_H 1
| #define HAVE_STRING_H 1
| #define HAVE_MEMORY_H 1
| #define HAVE_STRINGS_H 1
| #define HAVE_INTTYPES_H 1
| #define HAVE_STDINT_H 1
| #define HAVE_UNISTD_H 1
| #define HAVE_DLFCN_H 1
| #define LT_OBJDIR ".libs/"
| #define HAVE___INT128 1
| #define HAVE_BUILTIN_EXPECT 1
| #define USE_FIELD_5X52 1
| #define USE_NUM_NONE 1
| #define USE_FIELD_INV_BUILTIN 1
| #define USE_SCALAR_INV_BUILTIN 1
| #define USE_SCALAR_4X64 1
| #define HAVE_LIBCRYPTO 1
| #define ENABLE_OPENSSL_TESTS 1
| #define USE_ECMULT_STATIC_PRECOMPUTATION 1
| #define ENABLE_MODULE_RECOVERY 1
| /* end confdefs.h.  */
| #include <sys/types.h>
| 		#include <sys/param.h>
| 
| int
| main ()
| {
| #if BYTE_ORDER != BIG_ENDIAN
| 		 not big endian
| 		#endif
| 
|   ;
|   return 0;
| }
configure:14096: result: no
configure:14115: Using assembly optimizations: no
configure:14117: Using field implementation: 64bit
configure:14119: Using bignum implementation: no
configure:14121: Using scalar implementation: 64bit
configure:14123: Using endomorphism optimizations: no
configure:14125: Building ECDH module: no
configure:14128: Building Schnorr signatures module: no
configure:14130: Building ECDSA pubkey recovery module: yes
configure:14303: checking that generated files are newer than configure
configure:14309: result: done
configure:14361: creating ./config.status

## ---------------------- ##
## Running config.status. ##
## ---------------------- ##

This file was extended by libsecp256k1 config.status 0.1, which was
generated by GNU Autoconf 2.69.  Invocation command line was

  CONFIG_FILES    = 
  CONFIG_HEADERS  = 
  CONFIG_LINKS    = 
  CONFIG_COMMANDS = 
  $ ./config.status 

on dong-VirtualBox

config.status:1123: creating Makefile
config.status:1123: creating libsecp256k1.pc
config.status:1123: creating src/libsecp256k1-config.h
config.status:1352: executing depfiles commands
config.status:1352: executing libtool commands

## ---------------- ##
## Cache variables. ##
## ---------------- ##

ac_cv_build=x86_64-unknown-linux-gnu
ac_cv_build_prog_CPP='gcc -E'
ac_cv_build_prog_cc_g=yes
ac_cv_c_bigendian=no
ac_cv_c_compiler_gnu=yes
ac_cv_env_CC_set=
ac_cv_env_CC_value=
ac_cv_env_CFLAGS_set=
ac_cv_env_CFLAGS_value=
ac_cv_env_CPPFLAGS_set=
ac_cv_env_CPPFLAGS_value=
ac_cv_env_CPP_set=
ac_cv_env_CPP_value=
ac_cv_env_CRYPTO_CFLAGS_set=
ac_cv_env_CRYPTO_CFLAGS_value=
ac_cv_env_CRYPTO_LIBS_set=
ac_cv_env_CRYPTO_LIBS_value=
ac_cv_env_LDFLAGS_set=
ac_cv_env_LDFLAGS_value=
ac_cv_env_LIBS_set=
ac_cv_env_LIBS_value=
ac_cv_env_PKG_CONFIG_LIBDIR_set=
ac_cv_env_PKG_CONFIG_LIBDIR_value=
ac_cv_env_PKG_CONFIG_PATH_set=
ac_cv_env_PKG_CONFIG_PATH_value=
ac_cv_env_PKG_CONFIG_set=
ac_cv_env_PKG_CONFIG_value=
ac_cv_env_build_alias_set=
ac_cv_env_build_alias_value=
ac_cv_env_host_alias_set=
ac_cv_env_host_alias_value=
ac_cv_env_target_alias_set=
ac_cv_env_target_alias_value=
ac_cv_header_dlfcn_h=yes
ac_cv_header_inttypes_h=yes
ac_cv_header_memory_h=yes
ac_cv_header_stdc=yes
ac_cv_header_stdint_h=yes
ac_cv_header_stdlib_h=yes
ac_cv_header_string_h=yes
ac_cv_header_strings_h=yes
ac_cv_header_sys_stat_h=yes
ac_cv_header_sys_types_h=yes
ac_cv_header_unistd_h=yes
ac_cv_host=x86_64-apple-darwin11
ac_cv_lib_crypto_main=yes
ac_cv_objext=o
ac_cv_path_AR=/home/dong/a-bpc/depends/x86_64-apple-darwin11/native/bin/x86_64-apple-darwin11-ar
ac_cv_path_EGREP='/bin/grep -E'
ac_cv_path_FGREP='/bin/grep -F'
ac_cv_path_GREP=/bin/grep
ac_cv_path_PKG_CONFIG='/usr/bin/pkg-config --static'
ac_cv_path_RANLIB=/home/dong/a-bpc/depends/x86_64-apple-darwin11/native/bin/x86_64-apple-darwin11-ranlib
ac_cv_path_SED=/bin/sed
ac_cv_path_STRIP=/home/dong/a-gravium/depends/x86_64-apple-darwin11/share/../native/bin/x86_64-apple-darwin11-strip
ac_cv_path_ac_pt_AR=/home/dong/a-bpc/depends/x86_64-apple-darwin11/native/bin/x86_64-apple-darwin11-ar
ac_cv_path_ac_pt_NM=/home/dong/a-bpc/depends/x86_64-apple-darwin11/native/bin/x86_64-apple-darwin11-nm
ac_cv_path_ac_pt_RANLIB=/home/dong/a-bpc/depends/x86_64-apple-darwin11/native/bin/x86_64-apple-darwin11-ranlib
ac_cv_path_install='/usr/bin/install -c'
ac_cv_path_mkdir=/bin/mkdir
ac_cv_prog_AR=/home/dong/a-bpc/depends/x86_64-apple-darwin11/native/bin/x86_64-apple-darwin11-ar
ac_cv_prog_AWK=mawk
ac_cv_prog_CC='/home/dong/a-bpc/depends/x86_64-apple-darwin11/native/bin/clang -target x86_64-apple-darwin11 -mmacosx-version-min=10.8 --sysroot /home/dong/a-bpc/depends/SDKs/MacOSX10.9.sdk -mlinker-version=253.9'
ac_cv_prog_CPP='/home/dong/a-bpc/depends/x86_64-apple-darwin11/native/bin/clang -target x86_64-apple-darwin11 -mmacosx-version-min=10.8 --sysroot /home/dong/a-bpc/depends/SDKs/MacOSX10.9.sdk -mlinker-version=253.9 -E'
ac_cv_prog_DSYMUTIL=x86_64-apple-darwin11-dsymutil
ac_cv_prog_LIPO=x86_64-apple-darwin11-lipo
ac_cv_prog_NMEDIT=x86_64-apple-darwin11-nmedit
ac_cv_prog_OTOOL=x86_64-apple-darwin11-otool
ac_cv_prog_RANLIB=/home/dong/a-bpc/depends/x86_64-apple-darwin11/native/bin/x86_64-apple-darwin11-ranlib
ac_cv_prog_STRIP=x86_64-apple-darwin11-strip
ac_cv_prog_ac_ct_CC_FOR_BUILD=gcc
ac_cv_prog_ac_ct_MANIFEST_TOOL=mt
ac_cv_prog_ac_ct_OBJDUMP=objdump
ac_cv_prog_cc_c89=
ac_cv_prog_cc_g=yes
ac_cv_prog_make_make_set=yes
ac_cv_type___int128=yes
am_cv_CC_dependencies_compiler_type=gcc3
am_cv_make_support_nested_variables=yes
am_cv_prog_cc_c_o=yes
lt_cv_apple_cc_single_mod=yes
lt_cv_ar_at_file=no
lt_cv_deplibs_check_method=pass_all
lt_cv_file_magic_cmd='$MAGIC_CMD'
lt_cv_file_magic_test_file=
lt_cv_ld_exported_symbols_list=yes
lt_cv_ld_force_load=yes
lt_cv_ld_reload_flag=-r
lt_cv_nm_interface='BSD nm'
lt_cv_objdir=.libs
lt_cv_path_LD=/home/dong/a-bpc/depends/x86_64-apple-darwin11/native/bin/x86_64-apple-darwin11-ld
lt_cv_path_NM=/home/dong/a-bpc/depends/x86_64-apple-darwin11/native/bin/x86_64-apple-darwin11-nm
lt_cv_path_mainfest_tool=no
lt_cv_prog_compiler_c_o=yes
lt_cv_prog_compiler_pic='-fno-common -DPIC'
lt_cv_prog_compiler_pic_works=yes
lt_cv_prog_compiler_rtti_exceptions=yes
lt_cv_prog_compiler_static_works=no
lt_cv_prog_gnu_ld=no
lt_cv_sharedlib_from_linklib_cmd='printf %s\n'
lt_cv_sys_global_symbol_pipe='sed -n -e '\''s/^.*[	 ]\([BCDEGRST][BCDEGRST]*\)[	 ][	 ]*_\([_A-Za-z][_A-Za-z0-9]*\)$/\1 _\2 \2/p'\'' | sed '\''/ __gnu_lto/d'\'''
lt_cv_sys_global_symbol_to_c_name_address='sed -n -e '\''s/^: \([^ ]*\)[ ]*$/  {\"\1\", (void *) 0},/p'\'' -e '\''s/^[BCDEGRST]* \([^ ]*\) \([^ ]*\)$/  {"\2", (void *) \&\2},/p'\'''
lt_cv_sys_global_symbol_to_c_name_address_lib_prefix='sed -n -e '\''s/^: \([^ ]*\)[ ]*$/  {\"\1\", (void *) 0},/p'\'' -e '\''s/^[BCDEGRST]* \([^ ]*\) \(lib[^ ]*\)$/  {"\2", (void *) \&\2},/p'\'' -e '\''s/^[BCDEGRST]* \([^ ]*\) \([^ ]*\)$/  {"lib\2", (void *) \&\2},/p'\'''
lt_cv_sys_global_symbol_to_cdecl='sed -n -e '\''s/^T .* \(.*\)$/extern int \1();/p'\'' -e '\''s/^[BCDEGRST]* .* \(.*\)$/extern char \1;/p'\'''
lt_cv_sys_max_cmd_len=1572864
lt_cv_to_host_file_cmd=func_convert_file_noop
lt_cv_to_tool_file_cmd=func_convert_file_noop
pkg_cv_CRYPTO_CFLAGS='-I/home/dong/a-bpc/depends/x86_64-apple-darwin11/include  '
pkg_cv_CRYPTO_LIBS='-L/home/dong/a-bpc/depends/x86_64-apple-darwin11/lib -lcrypto  '

## ----------------- ##
## Output variables. ##
## ----------------- ##

ACLOCAL='${SHELL} /home/dong/a-gravium/src/secp256k1/build-aux/missing aclocal-1.14'
AMDEPBACKSLASH='\'
AMDEP_FALSE='#'
AMDEP_TRUE=''
AMTAR='$${TAR-tar}'
AM_BACKSLASH='\'
AM_DEFAULT_V='$(AM_DEFAULT_VERBOSITY)'
AM_DEFAULT_VERBOSITY='0'
AM_V='$(V)'
AR='/home/dong/a-bpc/depends/x86_64-apple-darwin11/native/bin/x86_64-apple-darwin11-ar'
AUTOCONF='${SHELL} /home/dong/a-gravium/src/secp256k1/build-aux/missing autoconf'
AUTOHEADER='${SHELL} /home/dong/a-gravium/src/secp256k1/build-aux/missing autoheader'
AUTOMAKE='${SHELL} /home/dong/a-gravium/src/secp256k1/build-aux/missing automake-1.14'
AWK='mawk'
BREW='no'
BUILD_EXEEXT=''
BUILD_OBJEXT=''
CC='/home/dong/a-bpc/depends/x86_64-apple-darwin11/native/bin/clang -target x86_64-apple-darwin11 -mmacosx-version-min=10.8 --sysroot /home/dong/a-bpc/depends/SDKs/MacOSX10.9.sdk -mlinker-version=253.9'
CCDEPMODE='depmode=gcc3'
CC_FOR_BUILD='gcc'
CFLAGS='-pipe -O2  -W -std=c89 -pedantic -Wall -Wextra -Wcast-align -Wnested-externs -Wshadow -Wstrict-prototypes -Wno-unused-function -Wno-long-long -Wno-overlength-strings -fvisibility=hidden'
CFLAGS_FOR_BUILD='-g -O2'
CPP='/home/dong/a-bpc/depends/x86_64-apple-darwin11/native/bin/clang -target x86_64-apple-darwin11 -mmacosx-version-min=10.8 --sysroot /home/dong/a-bpc/depends/SDKs/MacOSX10.9.sdk -mlinker-version=253.9 -E'
CPPFLAGS='-I/home/dong/a-gravium/depends/x86_64-apple-darwin11/share/../include/ '
CPPFLAGS_FOR_BUILD=''
CPP_FOR_BUILD='gcc -E'
CRYPTO_CFLAGS='-I/home/dong/a-bpc/depends/x86_64-apple-darwin11/include  '
CRYPTO_LIBS='-L/home/dong/a-bpc/depends/x86_64-apple-darwin11/lib -lcrypto  '
CYGPATH_W='echo'
DEFS='-DHAVE_CONFIG_H'
DEPDIR='.deps'
DLLTOOL='false'
DSYMUTIL='x86_64-apple-darwin11-dsymutil'
DUMPBIN=''
ECHO_C=''
ECHO_N='-n'
ECHO_T=''
EGREP='/bin/grep -E'
ENABLE_MODULE_ECDH_FALSE=''
ENABLE_MODULE_ECDH_TRUE='#'
ENABLE_MODULE_RECOVERY_FALSE='#'
ENABLE_MODULE_RECOVERY_TRUE=''
ENABLE_MODULE_SCHNORR_FALSE=''
ENABLE_MODULE_SCHNORR_TRUE='#'
EXEEXT=''
FGREP='/bin/grep -F'
GREP='/bin/grep'
INSTALL_DATA='${INSTALL} -m 644'
INSTALL_PROGRAM='${INSTALL}'
INSTALL_SCRIPT='${INSTALL}'
INSTALL_STRIP_PROGRAM='$(install_sh) -c -s'
LD='/home/dong/a-bpc/depends/x86_64-apple-darwin11/native/bin/x86_64-apple-darwin11-ld'
LDFLAGS='-L/home/dong/a-gravium/depends/x86_64-apple-darwin11/share/../lib '
LDFLAGS_FOR_BUILD=''
LIBOBJS=''
LIBS=''
LIBTOOL='$(SHELL) $(top_builddir)/libtool'
LIPO='x86_64-apple-darwin11-lipo'
LN_S='ln -s'
LTLIBOBJS=''
MAKEINFO='${SHELL} /home/dong/a-gravium/src/secp256k1/build-aux/missing makeinfo'
MANIFEST_TOOL=':'
MKDIR_P='/bin/mkdir -p'
NM='/home/dong/a-bpc/depends/x86_64-apple-darwin11/native/bin/x86_64-apple-darwin11-nm'
NMEDIT='x86_64-apple-darwin11-nmedit'
OBJDUMP='objdump'
OBJEXT='o'
OTOOL64=':'
OTOOL='x86_64-apple-darwin11-otool'
PACKAGE='libsecp256k1'
PACKAGE_BUGREPORT=''
PACKAGE_NAME='libsecp256k1'
PACKAGE_STRING='libsecp256k1 0.1'
PACKAGE_TARNAME='libsecp256k1'
PACKAGE_URL=''
PACKAGE_VERSION='0.1'
PATH_SEPARATOR=':'
PKG_CONFIG='/usr/bin/pkg-config --static'
PKG_CONFIG_LIBDIR='/home/dong/a-gravium/depends/x86_64-apple-darwin11/share/../lib/pkgconfig'
PKG_CONFIG_PATH='/home/dong/a-gravium/depends/x86_64-apple-darwin11/share/../share/pkgconfig'
PORT='no'
RANLIB='/home/dong/a-bpc/depends/x86_64-apple-darwin11/native/bin/x86_64-apple-darwin11-ranlib'
SECP_INCLUDES=''
SECP_LIBS=''
SECP_TEST_INCLUDES=' -I/home/dong/a-bpc/depends/x86_64-apple-darwin11/include  '
SECP_TEST_LIBS='-L/home/dong/a-bpc/depends/x86_64-apple-darwin11/lib -lcrypto  '
SED='/bin/sed'
SET_MAKE=''
SHELL='/bin/bash'
STRIP='/home/dong/a-gravium/depends/x86_64-apple-darwin11/share/../native/bin/x86_64-apple-darwin11-strip'
USE_BENCHMARK_FALSE=''
USE_BENCHMARK_TRUE='#'
USE_ECMULT_STATIC_PRECOMPUTATION_FALSE='#'
USE_ECMULT_STATIC_PRECOMPUTATION_TRUE=''
USE_TESTS_FALSE='#'
USE_TESTS_TRUE=''
VERSION='0.1'
ac_ct_AR=''
ac_ct_CC=''
ac_ct_CC_FOR_BUILD='gcc'
ac_ct_DUMPBIN=''
am__EXEEXT_FALSE=''
am__EXEEXT_TRUE='#'
am__fastdepCC_FALSE='#'
am__fastdepCC_TRUE=''
am__include='include'
am__isrc=''
am__leading_dot='.'
am__nodep='_no'
am__quote=''
am__tar='$${TAR-tar} chof - "$$tardir"'
am__untar='$${TAR-tar} xf -'
bindir='${exec_prefix}/bin'
build='x86_64-unknown-linux-gnu'
build_alias=''
build_cpu='x86_64'
build_os='linux-gnu'
build_vendor='unknown'
datadir='${datarootdir}'
datarootdir='${prefix}/share'
docdir='${datarootdir}/doc/${PACKAGE_TARNAME}'
dvidir='${docdir}'
exec_prefix='${prefix}'
host='x86_64-apple-darwin11'
host_alias='x86_64-apple-darwin11'
host_cpu='x86_64'
host_os='darwin11'
host_vendor='apple'
htmldir='${docdir}'
includedir='${prefix}/include'
infodir='${datarootdir}/info'
install_sh='${SHELL} /home/dong/a-gravium/src/secp256k1/build-aux/install-sh'
libdir='${exec_prefix}/lib'
libexecdir='${exec_prefix}/libexec'
localedir='${datarootdir}/locale'
localstatedir='${prefix}/var'
mandir='${datarootdir}/man'
mkdir_p='$(MKDIR_P)'
oldincludedir='/usr/include'
pdfdir='${docdir}'
prefix='/home/dong/a-gravium/depends/x86_64-apple-darwin11'
program_transform_name='s,x,x,'
psdir='${docdir}'
sbindir='${exec_prefix}/sbin'
sharedstatedir='${prefix}/com'
sysconfdir='${prefix}/etc'
target_alias=''

## ----------- ##
## confdefs.h. ##
## ----------- ##

/* confdefs.h */
#define PACKAGE_NAME "libsecp256k1"
#define PACKAGE_TARNAME "libsecp256k1"
#define PACKAGE_VERSION "0.1"
#define PACKAGE_STRING "libsecp256k1 0.1"
#define PACKAGE_BUGREPORT ""
#define PACKAGE_URL ""
#define PACKAGE "libsecp256k1"
#define VERSION "0.1"
#define STDC_HEADERS 1
#define HAVE_SYS_TYPES_H 1
#define HAVE_SYS_STAT_H 1
#define HAVE_STDLIB_H 1
#define HAVE_STRING_H 1
#define HAVE_MEMORY_H 1
#define HAVE_STRINGS_H 1
#define HAVE_INTTYPES_H 1
#define HAVE_STDINT_H 1
#define HAVE_UNISTD_H 1
#define HAVE_DLFCN_H 1
#define LT_OBJDIR ".libs/"
#define HAVE___INT128 1
#define HAVE_BUILTIN_EXPECT 1
#define USE_FIELD_5X52 1
#define USE_NUM_NONE 1
#define USE_FIELD_INV_BUILTIN 1
#define USE_SCALAR_INV_BUILTIN 1
#define USE_SCALAR_4X64 1
#define HAVE_LIBCRYPTO 1
#define ENABLE_OPENSSL_TESTS 1
#define USE_ECMULT_STATIC_PRECOMPUTATION 1
#define ENABLE_MODULE_RECOVERY 1

configure: exit 0
